<?xml version="1.0" encoding="UTF-8"?>
<!-- Generated by org.testng.reporters.JUnitReportReporter -->
<testsuite skipped="0" hostname="DESKTOP-TG2MIH6" name="Test.FlightTest" tests="2" failures="0" timestamp="06 Mar 2021 09:34:04 GMT" time="5.718" errors="0">
  <testcase name="verifyLoginPage" time="1.823" classname="Test.FlightTest"/>
  <testcase name="verifyFlightPage" time="3.895" classname="Test.FlightTest"/>
</testsuite> <!-- Test.FlightTest -->
